<?xml version="1.0"?>
<links>
    <link depth="1">http://mp3cc.com/</link>
</links>